2025-12-11 22:12:10,697 - src.pipeline.etl - INFO - Loading data/raw/data.csv
2025-12-11 22:12:10,705 - src.pipeline.etl - INFO - Raw rows: 1934
2025-12-11 22:12:14,784 - src.pipeline.etl - INFO - Saved processed to data/processed/data_cleaned.csv
2025-12-11 22:12:14,979 - src.pipeline.etl - INFO - Loaded into DB
2025-12-11 22:12:59,473 - src.pipeline.etl - INFO - Loading data/raw/data.csv
2025-12-11 22:12:59,482 - src.pipeline.etl - INFO - Raw rows: 1934
2025-12-11 22:13:03,416 - src.pipeline.etl - INFO - Saved processed to data/processed/data_cleaned.csv
2025-12-11 22:13:03,637 - src.pipeline.etl - INFO - Loaded into DB
2025-12-11 22:32:17,386 - src.pipeline.etl - INFO - Loading data/raw/data.csv
2025-12-11 22:32:17,395 - src.pipeline.etl - INFO - Raw rows: 1934
2025-12-11 22:32:21,281 - src.pipeline.etl - INFO - Saved processed to data/processed/data_cleaned.csv
2025-12-11 22:32:21,507 - src.pipeline.etl - INFO - Loaded into DB
2025-12-11 22:33:00,208 - src.pipeline.etl - INFO - Loading data/raw/data.csv
2025-12-11 22:33:00,216 - src.pipeline.etl - INFO - Raw rows: 1934
2025-12-11 22:33:04,099 - src.pipeline.etl - INFO - Saved processed to data/processed/data_cleaned.csv
2025-12-11 22:33:04,298 - src.pipeline.etl - INFO - Loaded into DB
2025-12-11 22:45:17,384 - src.pipeline.etl - INFO - Loading data/raw/data.csv
2025-12-11 22:45:17,392 - src.pipeline.etl - INFO - Raw rows: 1934
2025-12-11 22:45:21,285 - src.pipeline.etl - INFO - Saved processed to data/processed/data_cleaned.csv
2025-12-11 22:45:21,501 - src.pipeline.etl - INFO - Loaded into DB
2025-12-12 10:11:06,222 - __main__ - INFO - grp: Software Engineer, arr: ['software engineer', 'developer', 'programmer', 'lập trình', 'dev', 'frontend', 'kỹ sưdevops']
2025-12-12 10:11:06,222 - __main__ - INFO - grp: Software Engineer, arr: ['software engineer', 'developer', 'programmer', 'lập trình', 'dev', 'frontend', 'kỹ sưdevops']
2025-12-12 10:11:06,222 - __main__ - INFO - grp: Software Engineer, arr: ['software engineer', 'developer', 'programmer', 'lập trình', 'dev', 'frontend', 'kỹ sưdevops']
2025-12-12 10:11:06,222 - __main__ - INFO - grp: Software Engineer, arr: ['software engineer', 'developer', 'programmer', 'lập trình', 'dev', 'frontend', 'kỹ sưdevops']
2025-12-12 10:11:06,222 - __main__ - INFO - grp: Software Engineer, arr: ['software engineer', 'developer', 'programmer', 'lập trình', 'dev', 'frontend', 'kỹ sưdevops']
2025-12-12 10:11:06,222 - __main__ - INFO - grp: Software Engineer, arr: ['software engineer', 'developer', 'programmer', 'lập trình', 'dev', 'frontend', 'kỹ sưdevops']
2025-12-12 10:11:06,222 - __main__ - INFO - grp: Software Engineer, arr: ['software engineer', 'developer', 'programmer', 'lập trình', 'dev', 'frontend', 'kỹ sưdevops']
2025-12-12 10:11:06,222 - __main__ - INFO - grp: Business analyst, arr: ['business analyst', 'business analysis', 'analyst']
2025-12-12 10:11:06,222 - __main__ - INFO - grp: Business analyst, arr: ['business analyst', 'business analysis', 'analyst']
2025-12-12 10:11:06,222 - __main__ - INFO - grp: Business analyst, arr: ['business analyst', 'business analysis', 'analyst']
2025-12-12 10:11:06,222 - __main__ - INFO - grp: Data Engineer, arr: ['data engineer', 'etl', 'data pipeline', 'data', 'big data']
2025-12-12 10:11:06,222 - __main__ - INFO - grp: Data Engineer, arr: ['data engineer', 'etl', 'data pipeline', 'data', 'big data']
2025-12-12 10:11:06,222 - __main__ - INFO - grp: Data Engineer, arr: ['data engineer', 'etl', 'data pipeline', 'data', 'big data']
2025-12-12 10:11:06,222 - __main__ - INFO - grp: Data Engineer, arr: ['data engineer', 'etl', 'data pipeline', 'data', 'big data']
2025-12-12 10:11:06,222 - __main__ - INFO - grp: Data Engineer, arr: ['data engineer', 'etl', 'data pipeline', 'data', 'big data']
2025-12-12 10:11:06,222 - __main__ - INFO - grp: Project Manager, arr: ['product manager', 'pm', 'project manager', 'product owner']
2025-12-12 10:11:06,222 - __main__ - INFO - grp: Project Manager, arr: ['product manager', 'pm', 'project manager', 'product owner']
2025-12-12 10:11:06,222 - __main__ - INFO - grp: Project Manager, arr: ['product manager', 'pm', 'project manager', 'product owner']
2025-12-12 10:11:06,222 - __main__ - INFO - grp: Project Manager, arr: ['product manager', 'pm', 'project manager', 'product owner']
2025-12-12 10:11:06,222 - __main__ - INFO - grp: Quality Assurance, arr: ['qc', 'tester', 'qa', 'kiểm thử', 'kiểm soát']
2025-12-12 10:11:06,222 - __main__ - INFO - grp: Quality Assurance, arr: ['qc', 'tester', 'qa', 'kiểm thử', 'kiểm soát']
2025-12-12 10:11:06,222 - __main__ - INFO - grp: Quality Assurance, arr: ['qc', 'tester', 'qa', 'kiểm thử', 'kiểm soát']
2025-12-12 10:11:06,222 - __main__ - INFO - grp: Quality Assurance, arr: ['qc', 'tester', 'qa', 'kiểm thử', 'kiểm soát']
2025-12-12 10:11:06,222 - __main__ - INFO - grp: Quality Assurance, arr: ['qc', 'tester', 'qa', 'kiểm thử', 'kiểm soát']
2025-12-12 10:11:06,222 - __main__ - INFO - grp: Security, arr: ['cybersecurity', 'cyber', 'security', 'an toàn', 'systems', 'system', 'hệ thống', 'IT', 'công nghệ thông tin']
2025-12-12 10:11:06,222 - __main__ - INFO - grp: Security, arr: ['cybersecurity', 'cyber', 'security', 'an toàn', 'systems', 'system', 'hệ thống', 'IT', 'công nghệ thông tin']
2025-12-12 10:11:06,222 - __main__ - INFO - grp: Security, arr: ['cybersecurity', 'cyber', 'security', 'an toàn', 'systems', 'system', 'hệ thống', 'IT', 'công nghệ thông tin']
2025-12-12 10:11:06,222 - __main__ - INFO - grp: Security, arr: ['cybersecurity', 'cyber', 'security', 'an toàn', 'systems', 'system', 'hệ thống', 'IT', 'công nghệ thông tin']
2025-12-12 10:11:06,222 - __main__ - INFO - grp: Security, arr: ['cybersecurity', 'cyber', 'security', 'an toàn', 'systems', 'system', 'hệ thống', 'IT', 'công nghệ thông tin']
2025-12-12 10:11:06,222 - __main__ - INFO - grp: Security, arr: ['cybersecurity', 'cyber', 'security', 'an toàn', 'systems', 'system', 'hệ thống', 'IT', 'công nghệ thông tin']
2025-12-12 10:11:06,222 - __main__ - INFO - grp: Security, arr: ['cybersecurity', 'cyber', 'security', 'an toàn', 'systems', 'system', 'hệ thống', 'IT', 'công nghệ thông tin']
2025-12-12 10:11:06,223 - __main__ - INFO - grp: Security, arr: ['cybersecurity', 'cyber', 'security', 'an toàn', 'systems', 'system', 'hệ thống', 'IT', 'công nghệ thông tin']
2025-12-12 10:11:06,223 - __main__ - INFO - grp: Security, arr: ['cybersecurity', 'cyber', 'security', 'an toàn', 'systems', 'system', 'hệ thống', 'IT', 'công nghệ thông tin']
2025-12-12 10:11:06,223 - __main__ - INFO - grp: AI, arr: ['ai', 'artificial intelligence', 'trí tuệ nhân tạo']
2025-12-12 10:11:06,223 - __main__ - INFO - grp: AI, arr: ['ai', 'artificial intelligence', 'trí tuệ nhân tạo']
2025-12-12 10:11:06,223 - __main__ - INFO - grp: AI, arr: ['ai', 'artificial intelligence', 'trí tuệ nhân tạo']
2025-12-12 10:11:06,223 - __main__ - INFO - grp: Designer, arr: ['designer', 'ui', 'ux', 'ui/ux']
2025-12-12 10:11:06,223 - __main__ - INFO - grp: Designer, arr: ['designer', 'ui', 'ux', 'ui/ux']
2025-12-12 10:11:06,223 - __main__ - INFO - grp: Designer, arr: ['designer', 'ui', 'ux', 'ui/ux']
2025-12-12 10:11:06,223 - __main__ - INFO - grp: Designer, arr: ['designer', 'ui', 'ux', 'ui/ux']
2025-12-12 10:12:17,017 - __main__ - INFO - alias_to_group: {'software engineer': 'Software Engineer', 'developer': 'Software Engineer', 'programmer': 'Software Engineer', 'lập trình': 'Software Engineer', 'dev': 'Software Engineer', 'frontend': 'Software Engineer', 'kỹ sưdevops': 'Software Engineer', 'business analyst': 'Business analyst', 'business analysis': 'Business analyst', 'analyst': 'Business analyst', 'data engineer': 'Data Engineer', 'etl': 'Data Engineer', 'data pipeline': 'Data Engineer', 'data': 'Data Engineer', 'big data': 'Data Engineer', 'product manager': 'Project Manager', 'pm': 'Project Manager', 'project manager': 'Project Manager', 'product owner': 'Project Manager', 'qc': 'Quality Assurance', 'tester': 'Quality Assurance', 'qa': 'Quality Assurance', 'kiểm thử': 'Quality Assurance', 'kiểm soát': 'Quality Assurance', 'cybersecurity': 'Security', 'cyber': 'Security', 'security': 'Security', 'an toàn': 'Security', 'systems': 'Security', 'system': 'Security', 'hệ thống': 'Security', 'IT': 'Security', 'công nghệ thông tin': 'Security', 'ai': 'AI', 'artificial intelligence': 'AI', 'trí tuệ nhân tạo': 'AI', 'designer': 'Designer', 'ui': 'Designer', 'ux': 'Designer', 'ui/ux': 'Designer'}
2025-12-12 10:12:17,017 - __main__ - INFO - aliases: ['software engineer', 'developer', 'programmer', 'lập trình', 'dev', 'frontend', 'kỹ sưdevops', 'business analyst', 'business analysis', 'analyst', 'data engineer', 'etl', 'data pipeline', 'data', 'big data', 'product manager', 'pm', 'project manager', 'product owner', 'qc', 'tester', 'qa', 'kiểm thử', 'kiểm soát', 'cybersecurity', 'cyber', 'security', 'an toàn', 'systems', 'system', 'hệ thống', 'IT', 'công nghệ thông tin', 'ai', 'artificial intelligence', 'trí tuệ nhân tạo', 'designer', 'ui', 'ux', 'ui/ux']
2025-12-12 10:13:43,327 - __main__ - INFO - s: business analyst
2025-12-12 10:14:29,596 - __main__ - INFO - s: business analyst
2025-12-12 10:14:29,597 - __main__ - INFO - alias group items: dict_items([('software engineer', 'Software Engineer'), ('developer', 'Software Engineer'), ('programmer', 'Software Engineer'), ('lập trình', 'Software Engineer'), ('dev', 'Software Engineer'), ('frontend', 'Software Engineer'), ('kỹ sưdevops', 'Software Engineer'), ('business analyst', 'Business analyst'), ('business analysis', 'Business analyst'), ('analyst', 'Business analyst'), ('data engineer', 'Data Engineer'), ('etl', 'Data Engineer'), ('data pipeline', 'Data Engineer'), ('data', 'Data Engineer'), ('big data', 'Data Engineer'), ('product manager', 'Project Manager'), ('pm', 'Project Manager'), ('project manager', 'Project Manager'), ('product owner', 'Project Manager'), ('qc', 'Quality Assurance'), ('tester', 'Quality Assurance'), ('qa', 'Quality Assurance'), ('kiểm thử', 'Quality Assurance'), ('kiểm soát', 'Quality Assurance'), ('cybersecurity', 'Security'), ('cyber', 'Security'), ('security', 'Security'), ('an toàn', 'Security'), ('systems', 'Security'), ('system', 'Security'), ('hệ thống', 'Security'), ('IT', 'Security'), ('công nghệ thông tin', 'Security'), ('ai', 'AI'), ('artificial intelligence', 'AI'), ('trí tuệ nhân tạo', 'AI'), ('designer', 'Designer'), ('ui', 'Designer'), ('ux', 'Designer'), ('ui/ux', 'Designer')])
2025-12-12 10:16:29,673 - __main__ - INFO - s: business analyst
2025-12-12 10:16:29,674 - __main__ - INFO - alias group items: dict_items([('software engineer', 'Software Engineer'), ('developer', 'Software Engineer'), ('programmer', 'Software Engineer'), ('lập trình', 'Software Engineer'), ('dev', 'Software Engineer'), ('frontend', 'Software Engineer'), ('kỹ sưdevops', 'Software Engineer'), ('business analyst', 'Business analyst'), ('business analysis', 'Business analyst'), ('analyst', 'Business analyst'), ('data engineer', 'Data Engineer'), ('etl', 'Data Engineer'), ('data pipeline', 'Data Engineer'), ('data', 'Data Engineer'), ('big data', 'Data Engineer'), ('product manager', 'Project Manager'), ('pm', 'Project Manager'), ('project manager', 'Project Manager'), ('product owner', 'Project Manager'), ('qc', 'Quality Assurance'), ('tester', 'Quality Assurance'), ('qa', 'Quality Assurance'), ('kiểm thử', 'Quality Assurance'), ('kiểm soát', 'Quality Assurance'), ('cybersecurity', 'Security'), ('cyber', 'Security'), ('security', 'Security'), ('an toàn', 'Security'), ('systems', 'Security'), ('system', 'Security'), ('hệ thống', 'Security'), ('IT', 'Security'), ('công nghệ thông tin', 'Security'), ('ai', 'AI'), ('artificial intelligence', 'AI'), ('trí tuệ nhân tạo', 'AI'), ('designer', 'Designer'), ('ui', 'Designer'), ('ux', 'Designer'), ('ui/ux', 'Designer')])
2025-12-12 10:16:29,678 - __main__ - INFO - s: product manager (tieng anh giao tiep, tu 1 nam kinh nghiem)
2025-12-12 10:16:29,678 - __main__ - INFO - alias group items: dict_items([('software engineer', 'Software Engineer'), ('developer', 'Software Engineer'), ('programmer', 'Software Engineer'), ('lập trình', 'Software Engineer'), ('dev', 'Software Engineer'), ('frontend', 'Software Engineer'), ('kỹ sưdevops', 'Software Engineer'), ('business analyst', 'Business analyst'), ('business analysis', 'Business analyst'), ('analyst', 'Business analyst'), ('data engineer', 'Data Engineer'), ('etl', 'Data Engineer'), ('data pipeline', 'Data Engineer'), ('data', 'Data Engineer'), ('big data', 'Data Engineer'), ('product manager', 'Project Manager'), ('pm', 'Project Manager'), ('project manager', 'Project Manager'), ('product owner', 'Project Manager'), ('qc', 'Quality Assurance'), ('tester', 'Quality Assurance'), ('qa', 'Quality Assurance'), ('kiểm thử', 'Quality Assurance'), ('kiểm soát', 'Quality Assurance'), ('cybersecurity', 'Security'), ('cyber', 'Security'), ('security', 'Security'), ('an toàn', 'Security'), ('systems', 'Security'), ('system', 'Security'), ('hệ thống', 'Security'), ('IT', 'Security'), ('công nghệ thông tin', 'Security'), ('ai', 'AI'), ('artificial intelligence', 'AI'), ('trí tuệ nhân tạo', 'AI'), ('designer', 'Designer'), ('ui', 'Designer'), ('ux', 'Designer'), ('ui/ux', 'Designer')])
2025-12-12 10:17:53,054 - __main__ - INFO - s: business analyst
2025-12-12 10:17:53,055 - __main__ - INFO - alias group items: dict_items([('software engineer', 'Software Engineer'), ('developer', 'Software Engineer'), ('programmer', 'Software Engineer'), ('lap trinh', 'Software Engineer'), ('dev', 'Software Engineer'), ('frontend', 'Software Engineer'), ('ky sudevops', 'Software Engineer'), ('business analyst', 'Business analyst'), ('business analysis', 'Business analyst'), ('analyst', 'Business analyst'), ('data engineer', 'Data Engineer'), ('etl', 'Data Engineer'), ('data pipeline', 'Data Engineer'), ('data', 'Data Engineer'), ('big data', 'Data Engineer'), ('product manager', 'Project Manager'), ('pm', 'Project Manager'), ('project manager', 'Project Manager'), ('product owner', 'Project Manager'), ('qc', 'Quality Assurance'), ('tester', 'Quality Assurance'), ('qa', 'Quality Assurance'), ('kiem thu', 'Quality Assurance'), ('kiem soat', 'Quality Assurance'), ('cybersecurity', 'Security'), ('cyber', 'Security'), ('security', 'Security'), ('an toan', 'Security'), ('systems', 'Security'), ('system', 'Security'), ('he thong', 'Security'), ('IT', 'Security'), ('cong nghe thong tin', 'Security'), ('ai', 'AI'), ('artificial intelligence', 'AI'), ('tri tue nhan tao', 'AI'), ('designer', 'Designer'), ('ui', 'Designer'), ('ux', 'Designer'), ('ui/ux', 'Designer')])
2025-12-12 10:17:53,056 - __main__ - INFO - s: product manager (tieng anh giao tiep, tu 1 nam kinh nghiem)
2025-12-12 10:17:53,056 - __main__ - INFO - alias group items: dict_items([('software engineer', 'Software Engineer'), ('developer', 'Software Engineer'), ('programmer', 'Software Engineer'), ('lap trinh', 'Software Engineer'), ('dev', 'Software Engineer'), ('frontend', 'Software Engineer'), ('ky sudevops', 'Software Engineer'), ('business analyst', 'Business analyst'), ('business analysis', 'Business analyst'), ('analyst', 'Business analyst'), ('data engineer', 'Data Engineer'), ('etl', 'Data Engineer'), ('data pipeline', 'Data Engineer'), ('data', 'Data Engineer'), ('big data', 'Data Engineer'), ('product manager', 'Project Manager'), ('pm', 'Project Manager'), ('project manager', 'Project Manager'), ('product owner', 'Project Manager'), ('qc', 'Quality Assurance'), ('tester', 'Quality Assurance'), ('qa', 'Quality Assurance'), ('kiem thu', 'Quality Assurance'), ('kiem soat', 'Quality Assurance'), ('cybersecurity', 'Security'), ('cyber', 'Security'), ('security', 'Security'), ('an toan', 'Security'), ('systems', 'Security'), ('system', 'Security'), ('he thong', 'Security'), ('IT', 'Security'), ('cong nghe thong tin', 'Security'), ('ai', 'AI'), ('artificial intelligence', 'AI'), ('tri tue nhan tao', 'AI'), ('designer', 'Designer'), ('ui', 'Designer'), ('ux', 'Designer'), ('ui/ux', 'Designer')])
2025-12-12 10:22:50,767 - src.pipeline.etl - INFO - Loading data/raw/data.csv
2025-12-12 10:22:50,776 - src.pipeline.etl - INFO - Raw rows: 1934
2025-12-12 10:22:54,745 - src.pipeline.etl - INFO - Saved processed to data/processed/data_cleaned.csv
2025-12-12 10:22:54,942 - src.pipeline.etl - INFO - Loaded into DB
2025-12-12 10:32:07,988 - src.pipeline.etl - INFO - Loading data/raw/data.csv
2025-12-12 10:32:07,997 - src.pipeline.etl - INFO - Raw rows: 1934
2025-12-12 10:32:12,028 - src.pipeline.etl - INFO - Saved processed to data/processed/data_cleaned.csv
2025-12-12 10:32:12,208 - src.pipeline.etl - INFO - Loaded into DB
2025-12-12 10:32:41,139 - src.pipeline.etl - INFO - Loading data/raw/data.csv
2025-12-12 10:32:41,148 - src.pipeline.etl - INFO - Raw rows: 1934
2025-12-12 10:32:45,138 - src.pipeline.etl - INFO - Saved processed to data/processed/data_cleaned.csv
2025-12-12 10:32:45,329 - src.pipeline.etl - INFO - Loaded into DB
2025-12-12 10:42:55,633 - src.pipeline.etl - INFO - Loading data/raw/data.csv
2025-12-12 10:42:55,646 - src.pipeline.etl - INFO - Raw rows: 1934
2025-12-12 10:42:59,657 - src.pipeline.etl - INFO - Saved processed to data/processed/data_cleaned.csv
2025-12-12 10:42:59,851 - src.pipeline.etl - INFO - Loaded into DB
2025-12-12 11:26:40,289 - src.pipeline.etl - INFO - Loading data/raw/data.csv
2025-12-12 11:26:40,298 - src.pipeline.etl - INFO - Raw rows: 1934
2025-12-12 11:26:44,246 - src.pipeline.etl - INFO - Saved processed to data/processed/data_cleaned.csv
2025-12-12 11:26:44,291 - src.pipeline.etl - ERROR - ETL failed: (psycopg2.OperationalError) connection to server at "localhost" (::1), port 5432 failed: FATAL:  database "None" does not exist

(Background on this error at: https://sqlalche.me/e/20/e3q8)
Traceback (most recent call last):
  File "/Users/dantrinh0_0/PycharmProjects/Python/.venv/lib/python3.14/site-packages/sqlalchemy/engine/base.py", line 143, in __init__
    self._dbapi_connection = engine.raw_connection()
                             ~~~~~~~~~~~~~~~~~~~~~^^
  File "/Users/dantrinh0_0/PycharmProjects/Python/.venv/lib/python3.14/site-packages/sqlalchemy/engine/base.py", line 3301, in raw_connection
    return self.pool.connect()
           ~~~~~~~~~~~~~~~~~^^
  File "/Users/dantrinh0_0/PycharmProjects/Python/.venv/lib/python3.14/site-packages/sqlalchemy/pool/base.py", line 447, in connect
    return _ConnectionFairy._checkout(self)
           ~~~~~~~~~~~~~~~~~~~~~~~~~~^^^^^^
  File "/Users/dantrinh0_0/PycharmProjects/Python/.venv/lib/python3.14/site-packages/sqlalchemy/pool/base.py", line 1264, in _checkout
    fairy = _ConnectionRecord.checkout(pool)
  File "/Users/dantrinh0_0/PycharmProjects/Python/.venv/lib/python3.14/site-packages/sqlalchemy/pool/base.py", line 711, in checkout
    rec = pool._do_get()
  File "/Users/dantrinh0_0/PycharmProjects/Python/.venv/lib/python3.14/site-packages/sqlalchemy/pool/impl.py", line 177, in _do_get
    with util.safe_reraise():
         ~~~~~~~~~~~~~~~~~^^
  File "/Users/dantrinh0_0/PycharmProjects/Python/.venv/lib/python3.14/site-packages/sqlalchemy/util/langhelpers.py", line 224, in __exit__
    raise exc_value.with_traceback(exc_tb)
  File "/Users/dantrinh0_0/PycharmProjects/Python/.venv/lib/python3.14/site-packages/sqlalchemy/pool/impl.py", line 175, in _do_get
    return self._create_connection()
           ~~~~~~~~~~~~~~~~~~~~~~~^^
  File "/Users/dantrinh0_0/PycharmProjects/Python/.venv/lib/python3.14/site-packages/sqlalchemy/pool/base.py", line 388, in _create_connection
    return _ConnectionRecord(self)
  File "/Users/dantrinh0_0/PycharmProjects/Python/.venv/lib/python3.14/site-packages/sqlalchemy/pool/base.py", line 673, in __init__
    self.__connect()
    ~~~~~~~~~~~~~~^^
  File "/Users/dantrinh0_0/PycharmProjects/Python/.venv/lib/python3.14/site-packages/sqlalchemy/pool/base.py", line 899, in __connect
    with util.safe_reraise():
         ~~~~~~~~~~~~~~~~~^^
  File "/Users/dantrinh0_0/PycharmProjects/Python/.venv/lib/python3.14/site-packages/sqlalchemy/util/langhelpers.py", line 224, in __exit__
    raise exc_value.with_traceback(exc_tb)
  File "/Users/dantrinh0_0/PycharmProjects/Python/.venv/lib/python3.14/site-packages/sqlalchemy/pool/base.py", line 895, in __connect
    self.dbapi_connection = connection = pool._invoke_creator(self)
                                         ~~~~~~~~~~~~~~~~~~~~^^^^^^
  File "/Users/dantrinh0_0/PycharmProjects/Python/.venv/lib/python3.14/site-packages/sqlalchemy/engine/create.py", line 661, in connect
    return dialect.connect(*cargs, **cparams)
           ~~~~~~~~~~~~~~~^^^^^^^^^^^^^^^^^^^
  File "/Users/dantrinh0_0/PycharmProjects/Python/.venv/lib/python3.14/site-packages/sqlalchemy/engine/default.py", line 629, in connect
    return self.loaded_dbapi.connect(*cargs, **cparams)  # type: ignore[no-any-return]  # NOQA: E501
           ~~~~~~~~~~~~~~~~~~~~~~~~~^^^^^^^^^^^^^^^^^^^
  File "/Users/dantrinh0_0/PycharmProjects/Python/.venv/lib/python3.14/site-packages/psycopg2/__init__.py", line 122, in connect
    conn = _connect(dsn, connection_factory=connection_factory, **kwasync)
psycopg2.OperationalError: connection to server at "localhost" (::1), port 5432 failed: FATAL:  database "None" does not exist


The above exception was the direct cause of the following exception:

Traceback (most recent call last):
  File "/Users/dantrinh0_0/PycharmProjects/Python/src/pipeline/etl.py", line 55, in run_etl
    write_df_to_db(df_trans, db_engine)
    ~~~~~~~~~~~~~~^^^^^^^^^^^^^^^^^^^^^
  File "/Users/dantrinh0_0/PycharmProjects/Python/src/db/db_client.py", line 8, in write_df_to_db
    with engine.begin() as conn:
         ~~~~~~~~~~~~^^
  File "/opt/homebrew/Cellar/python@3.14/3.14.0_1/Frameworks/Python.framework/Versions/3.14/lib/python3.14/contextlib.py", line 141, in __enter__
    return next(self.gen)
  File "/Users/dantrinh0_0/PycharmProjects/Python/.venv/lib/python3.14/site-packages/sqlalchemy/engine/base.py", line 3241, in begin
    with self.connect() as conn:
         ~~~~~~~~~~~~^^
  File "/Users/dantrinh0_0/PycharmProjects/Python/.venv/lib/python3.14/site-packages/sqlalchemy/engine/base.py", line 3277, in connect
    return self._connection_cls(self)
           ~~~~~~~~~~~~~~~~~~~~^^^^^^
  File "/Users/dantrinh0_0/PycharmProjects/Python/.venv/lib/python3.14/site-packages/sqlalchemy/engine/base.py", line 145, in __init__
    Connection._handle_dbapi_exception_noconnection(
    ~~~~~~~~~~~~~~~~~~~~~~~~~~~~~~~~~~~~~~~~~~~~~~~^
        err, dialect, engine
        ^^^^^^^^^^^^^^^^^^^^
    )
    ^
  File "/Users/dantrinh0_0/PycharmProjects/Python/.venv/lib/python3.14/site-packages/sqlalchemy/engine/base.py", line 2440, in _handle_dbapi_exception_noconnection
    raise sqlalchemy_exception.with_traceback(exc_info[2]) from e
  File "/Users/dantrinh0_0/PycharmProjects/Python/.venv/lib/python3.14/site-packages/sqlalchemy/engine/base.py", line 143, in __init__
    self._dbapi_connection = engine.raw_connection()
                             ~~~~~~~~~~~~~~~~~~~~~^^
  File "/Users/dantrinh0_0/PycharmProjects/Python/.venv/lib/python3.14/site-packages/sqlalchemy/engine/base.py", line 3301, in raw_connection
    return self.pool.connect()
           ~~~~~~~~~~~~~~~~~^^
  File "/Users/dantrinh0_0/PycharmProjects/Python/.venv/lib/python3.14/site-packages/sqlalchemy/pool/base.py", line 447, in connect
    return _ConnectionFairy._checkout(self)
           ~~~~~~~~~~~~~~~~~~~~~~~~~~^^^^^^
  File "/Users/dantrinh0_0/PycharmProjects/Python/.venv/lib/python3.14/site-packages/sqlalchemy/pool/base.py", line 1264, in _checkout
    fairy = _ConnectionRecord.checkout(pool)
  File "/Users/dantrinh0_0/PycharmProjects/Python/.venv/lib/python3.14/site-packages/sqlalchemy/pool/base.py", line 711, in checkout
    rec = pool._do_get()
  File "/Users/dantrinh0_0/PycharmProjects/Python/.venv/lib/python3.14/site-packages/sqlalchemy/pool/impl.py", line 177, in _do_get
    with util.safe_reraise():
         ~~~~~~~~~~~~~~~~~^^
  File "/Users/dantrinh0_0/PycharmProjects/Python/.venv/lib/python3.14/site-packages/sqlalchemy/util/langhelpers.py", line 224, in __exit__
    raise exc_value.with_traceback(exc_tb)
  File "/Users/dantrinh0_0/PycharmProjects/Python/.venv/lib/python3.14/site-packages/sqlalchemy/pool/impl.py", line 175, in _do_get
    return self._create_connection()
           ~~~~~~~~~~~~~~~~~~~~~~~^^
  File "/Users/dantrinh0_0/PycharmProjects/Python/.venv/lib/python3.14/site-packages/sqlalchemy/pool/base.py", line 388, in _create_connection
    return _ConnectionRecord(self)
  File "/Users/dantrinh0_0/PycharmProjects/Python/.venv/lib/python3.14/site-packages/sqlalchemy/pool/base.py", line 673, in __init__
    self.__connect()
    ~~~~~~~~~~~~~~^^
  File "/Users/dantrinh0_0/PycharmProjects/Python/.venv/lib/python3.14/site-packages/sqlalchemy/pool/base.py", line 899, in __connect
    with util.safe_reraise():
         ~~~~~~~~~~~~~~~~~^^
  File "/Users/dantrinh0_0/PycharmProjects/Python/.venv/lib/python3.14/site-packages/sqlalchemy/util/langhelpers.py", line 224, in __exit__
    raise exc_value.with_traceback(exc_tb)
  File "/Users/dantrinh0_0/PycharmProjects/Python/.venv/lib/python3.14/site-packages/sqlalchemy/pool/base.py", line 895, in __connect
    self.dbapi_connection = connection = pool._invoke_creator(self)
                                         ~~~~~~~~~~~~~~~~~~~~^^^^^^
  File "/Users/dantrinh0_0/PycharmProjects/Python/.venv/lib/python3.14/site-packages/sqlalchemy/engine/create.py", line 661, in connect
    return dialect.connect(*cargs, **cparams)
           ~~~~~~~~~~~~~~~^^^^^^^^^^^^^^^^^^^
  File "/Users/dantrinh0_0/PycharmProjects/Python/.venv/lib/python3.14/site-packages/sqlalchemy/engine/default.py", line 629, in connect
    return self.loaded_dbapi.connect(*cargs, **cparams)  # type: ignore[no-any-return]  # NOQA: E501
           ~~~~~~~~~~~~~~~~~~~~~~~~~^^^^^^^^^^^^^^^^^^^
  File "/Users/dantrinh0_0/PycharmProjects/Python/.venv/lib/python3.14/site-packages/psycopg2/__init__.py", line 122, in connect
    conn = _connect(dsn, connection_factory=connection_factory, **kwasync)
sqlalchemy.exc.OperationalError: (psycopg2.OperationalError) connection to server at "localhost" (::1), port 5432 failed: FATAL:  database "None" does not exist

(Background on this error at: https://sqlalche.me/e/20/e3q8)
2025-12-12 11:28:33,853 - src.pipeline.etl - INFO - Loading data/raw/data.csv
2025-12-12 11:28:33,862 - src.pipeline.etl - INFO - Raw rows: 1934
2025-12-12 11:28:37,796 - src.pipeline.etl - INFO - Saved processed to data/processed/data_cleaned.csv
2025-12-12 11:28:37,824 - src.pipeline.etl - ERROR - ETL failed: (psycopg2.OperationalError) connection to server at "localhost" (::1), port 5432 failed: FATAL:  database "None" does not exist

(Background on this error at: https://sqlalche.me/e/20/e3q8)
Traceback (most recent call last):
  File "/Users/dantrinh0_0/PycharmProjects/Python/.venv/lib/python3.14/site-packages/sqlalchemy/engine/base.py", line 143, in __init__
    self._dbapi_connection = engine.raw_connection()
                             ~~~~~~~~~~~~~~~~~~~~~^^
  File "/Users/dantrinh0_0/PycharmProjects/Python/.venv/lib/python3.14/site-packages/sqlalchemy/engine/base.py", line 3301, in raw_connection
    return self.pool.connect()
           ~~~~~~~~~~~~~~~~~^^
  File "/Users/dantrinh0_0/PycharmProjects/Python/.venv/lib/python3.14/site-packages/sqlalchemy/pool/base.py", line 447, in connect
    return _ConnectionFairy._checkout(self)
           ~~~~~~~~~~~~~~~~~~~~~~~~~~^^^^^^
  File "/Users/dantrinh0_0/PycharmProjects/Python/.venv/lib/python3.14/site-packages/sqlalchemy/pool/base.py", line 1264, in _checkout
    fairy = _ConnectionRecord.checkout(pool)
  File "/Users/dantrinh0_0/PycharmProjects/Python/.venv/lib/python3.14/site-packages/sqlalchemy/pool/base.py", line 711, in checkout
    rec = pool._do_get()
  File "/Users/dantrinh0_0/PycharmProjects/Python/.venv/lib/python3.14/site-packages/sqlalchemy/pool/impl.py", line 177, in _do_get
    with util.safe_reraise():
         ~~~~~~~~~~~~~~~~~^^
  File "/Users/dantrinh0_0/PycharmProjects/Python/.venv/lib/python3.14/site-packages/sqlalchemy/util/langhelpers.py", line 224, in __exit__
    raise exc_value.with_traceback(exc_tb)
  File "/Users/dantrinh0_0/PycharmProjects/Python/.venv/lib/python3.14/site-packages/sqlalchemy/pool/impl.py", line 175, in _do_get
    return self._create_connection()
           ~~~~~~~~~~~~~~~~~~~~~~~^^
  File "/Users/dantrinh0_0/PycharmProjects/Python/.venv/lib/python3.14/site-packages/sqlalchemy/pool/base.py", line 388, in _create_connection
    return _ConnectionRecord(self)
  File "/Users/dantrinh0_0/PycharmProjects/Python/.venv/lib/python3.14/site-packages/sqlalchemy/pool/base.py", line 673, in __init__
    self.__connect()
    ~~~~~~~~~~~~~~^^
  File "/Users/dantrinh0_0/PycharmProjects/Python/.venv/lib/python3.14/site-packages/sqlalchemy/pool/base.py", line 899, in __connect
    with util.safe_reraise():
         ~~~~~~~~~~~~~~~~~^^
  File "/Users/dantrinh0_0/PycharmProjects/Python/.venv/lib/python3.14/site-packages/sqlalchemy/util/langhelpers.py", line 224, in __exit__
    raise exc_value.with_traceback(exc_tb)
  File "/Users/dantrinh0_0/PycharmProjects/Python/.venv/lib/python3.14/site-packages/sqlalchemy/pool/base.py", line 895, in __connect
    self.dbapi_connection = connection = pool._invoke_creator(self)
                                         ~~~~~~~~~~~~~~~~~~~~^^^^^^
  File "/Users/dantrinh0_0/PycharmProjects/Python/.venv/lib/python3.14/site-packages/sqlalchemy/engine/create.py", line 661, in connect
    return dialect.connect(*cargs, **cparams)
           ~~~~~~~~~~~~~~~^^^^^^^^^^^^^^^^^^^
  File "/Users/dantrinh0_0/PycharmProjects/Python/.venv/lib/python3.14/site-packages/sqlalchemy/engine/default.py", line 629, in connect
    return self.loaded_dbapi.connect(*cargs, **cparams)  # type: ignore[no-any-return]  # NOQA: E501
           ~~~~~~~~~~~~~~~~~~~~~~~~~^^^^^^^^^^^^^^^^^^^
  File "/Users/dantrinh0_0/PycharmProjects/Python/.venv/lib/python3.14/site-packages/psycopg2/__init__.py", line 122, in connect
    conn = _connect(dsn, connection_factory=connection_factory, **kwasync)
psycopg2.OperationalError: connection to server at "localhost" (::1), port 5432 failed: FATAL:  database "None" does not exist


The above exception was the direct cause of the following exception:

Traceback (most recent call last):
  File "/Users/dantrinh0_0/PycharmProjects/Python/src/pipeline/etl.py", line 55, in run_etl
    write_df_to_db(df_trans, db_engine)
    ~~~~~~~~~~~~~~^^^^^^^^^^^^^^^^^^^^^
  File "/Users/dantrinh0_0/PycharmProjects/Python/src/db/db_client.py", line 8, in write_df_to_db
    with engine.begin() as conn:
         ~~~~~~~~~~~~^^
  File "/opt/homebrew/Cellar/python@3.14/3.14.0_1/Frameworks/Python.framework/Versions/3.14/lib/python3.14/contextlib.py", line 141, in __enter__
    return next(self.gen)
  File "/Users/dantrinh0_0/PycharmProjects/Python/.venv/lib/python3.14/site-packages/sqlalchemy/engine/base.py", line 3241, in begin
    with self.connect() as conn:
         ~~~~~~~~~~~~^^
  File "/Users/dantrinh0_0/PycharmProjects/Python/.venv/lib/python3.14/site-packages/sqlalchemy/engine/base.py", line 3277, in connect
    return self._connection_cls(self)
           ~~~~~~~~~~~~~~~~~~~~^^^^^^
  File "/Users/dantrinh0_0/PycharmProjects/Python/.venv/lib/python3.14/site-packages/sqlalchemy/engine/base.py", line 145, in __init__
    Connection._handle_dbapi_exception_noconnection(
    ~~~~~~~~~~~~~~~~~~~~~~~~~~~~~~~~~~~~~~~~~~~~~~~^
        err, dialect, engine
        ^^^^^^^^^^^^^^^^^^^^
    )
    ^
  File "/Users/dantrinh0_0/PycharmProjects/Python/.venv/lib/python3.14/site-packages/sqlalchemy/engine/base.py", line 2440, in _handle_dbapi_exception_noconnection
    raise sqlalchemy_exception.with_traceback(exc_info[2]) from e
  File "/Users/dantrinh0_0/PycharmProjects/Python/.venv/lib/python3.14/site-packages/sqlalchemy/engine/base.py", line 143, in __init__
    self._dbapi_connection = engine.raw_connection()
                             ~~~~~~~~~~~~~~~~~~~~~^^
  File "/Users/dantrinh0_0/PycharmProjects/Python/.venv/lib/python3.14/site-packages/sqlalchemy/engine/base.py", line 3301, in raw_connection
    return self.pool.connect()
           ~~~~~~~~~~~~~~~~~^^
  File "/Users/dantrinh0_0/PycharmProjects/Python/.venv/lib/python3.14/site-packages/sqlalchemy/pool/base.py", line 447, in connect
    return _ConnectionFairy._checkout(self)
           ~~~~~~~~~~~~~~~~~~~~~~~~~~^^^^^^
  File "/Users/dantrinh0_0/PycharmProjects/Python/.venv/lib/python3.14/site-packages/sqlalchemy/pool/base.py", line 1264, in _checkout
    fairy = _ConnectionRecord.checkout(pool)
  File "/Users/dantrinh0_0/PycharmProjects/Python/.venv/lib/python3.14/site-packages/sqlalchemy/pool/base.py", line 711, in checkout
    rec = pool._do_get()
  File "/Users/dantrinh0_0/PycharmProjects/Python/.venv/lib/python3.14/site-packages/sqlalchemy/pool/impl.py", line 177, in _do_get
    with util.safe_reraise():
         ~~~~~~~~~~~~~~~~~^^
  File "/Users/dantrinh0_0/PycharmProjects/Python/.venv/lib/python3.14/site-packages/sqlalchemy/util/langhelpers.py", line 224, in __exit__
    raise exc_value.with_traceback(exc_tb)
  File "/Users/dantrinh0_0/PycharmProjects/Python/.venv/lib/python3.14/site-packages/sqlalchemy/pool/impl.py", line 175, in _do_get
    return self._create_connection()
           ~~~~~~~~~~~~~~~~~~~~~~~^^
  File "/Users/dantrinh0_0/PycharmProjects/Python/.venv/lib/python3.14/site-packages/sqlalchemy/pool/base.py", line 388, in _create_connection
    return _ConnectionRecord(self)
  File "/Users/dantrinh0_0/PycharmProjects/Python/.venv/lib/python3.14/site-packages/sqlalchemy/pool/base.py", line 673, in __init__
    self.__connect()
    ~~~~~~~~~~~~~~^^
  File "/Users/dantrinh0_0/PycharmProjects/Python/.venv/lib/python3.14/site-packages/sqlalchemy/pool/base.py", line 899, in __connect
    with util.safe_reraise():
         ~~~~~~~~~~~~~~~~~^^
  File "/Users/dantrinh0_0/PycharmProjects/Python/.venv/lib/python3.14/site-packages/sqlalchemy/util/langhelpers.py", line 224, in __exit__
    raise exc_value.with_traceback(exc_tb)
  File "/Users/dantrinh0_0/PycharmProjects/Python/.venv/lib/python3.14/site-packages/sqlalchemy/pool/base.py", line 895, in __connect
    self.dbapi_connection = connection = pool._invoke_creator(self)
                                         ~~~~~~~~~~~~~~~~~~~~^^^^^^
  File "/Users/dantrinh0_0/PycharmProjects/Python/.venv/lib/python3.14/site-packages/sqlalchemy/engine/create.py", line 661, in connect
    return dialect.connect(*cargs, **cparams)
           ~~~~~~~~~~~~~~~^^^^^^^^^^^^^^^^^^^
  File "/Users/dantrinh0_0/PycharmProjects/Python/.venv/lib/python3.14/site-packages/sqlalchemy/engine/default.py", line 629, in connect
    return self.loaded_dbapi.connect(*cargs, **cparams)  # type: ignore[no-any-return]  # NOQA: E501
           ~~~~~~~~~~~~~~~~~~~~~~~~~^^^^^^^^^^^^^^^^^^^
  File "/Users/dantrinh0_0/PycharmProjects/Python/.venv/lib/python3.14/site-packages/psycopg2/__init__.py", line 122, in connect
    conn = _connect(dsn, connection_factory=connection_factory, **kwasync)
sqlalchemy.exc.OperationalError: (psycopg2.OperationalError) connection to server at "localhost" (::1), port 5432 failed: FATAL:  database "None" does not exist

(Background on this error at: https://sqlalche.me/e/20/e3q8)
2025-12-12 11:30:47,192 - __main__ - INFO - user: postgres
2025-12-12 11:31:03,179 - __main__ - INFO - user: postgres
2025-12-12 11:31:03,180 - __main__ - INFO - dbname: None
2025-12-12 11:31:18,058 - __main__ - INFO - user: postgres
2025-12-12 11:31:18,058 - __main__ - INFO - dbname: postgres
2025-12-12 11:31:18,105 - src.pipeline.etl - INFO - Loading data/raw/data.csv
2025-12-12 11:31:18,113 - src.pipeline.etl - INFO - Raw rows: 1934
2025-12-12 11:31:22,055 - src.pipeline.etl - INFO - Saved processed to data/processed/data_cleaned.csv
2025-12-12 11:31:22,258 - src.pipeline.etl - INFO - Loaded into DB
